d:\c++project\d3dwallhack\d3dwallhack\release\d3dwallhack.pch
d:\c++project\d3dwallhack\d3dwallhack\release\vc140.pdb
d:\c++project\d3dwallhack\d3dwallhack\release\stdafx.obj
d:\c++project\d3dwallhack\d3dwallhack\release\cfw1statesaver.obj
d:\c++project\d3dwallhack\d3dwallhack\release\cfw1glyphvertexdrawerinterface.obj
d:\c++project\d3dwallhack\d3dwallhack\release\cfw1glyphvertexdrawer.obj
d:\c++project\d3dwallhack\d3dwallhack\release\cfw1glyphsheetinterface.obj
d:\c++project\d3dwallhack\d3dwallhack\release\cfw1glyphsheet.obj
d:\c++project\d3dwallhack\d3dwallhack\release\cfw1glyphrenderstatesinterface.obj
d:\c++project\d3dwallhack\d3dwallhack\release\cfw1glyphrenderstates.obj
d:\c++project\d3dwallhack\d3dwallhack\release\cfw1glyphproviderinterface.obj
d:\c++project\d3dwallhack\d3dwallhack\release\cfw1glyphprovider.obj
d:\c++project\d3dwallhack\d3dwallhack\release\cfw1glyphatlasinterface.obj
d:\c++project\d3dwallhack\d3dwallhack\release\cfw1glyphatlas.obj
d:\c++project\d3dwallhack\d3dwallhack\release\cfw1fontwrapperinterface.obj
d:\c++project\d3dwallhack\d3dwallhack\release\cfw1fontwrapper.obj
d:\c++project\d3dwallhack\d3dwallhack\release\cfw1factoryinterface.obj
d:\c++project\d3dwallhack\d3dwallhack\release\cfw1factory.obj
d:\c++project\d3dwallhack\d3dwallhack\release\cfw1dwriterendertargetinterface.obj
d:\c++project\d3dwallhack\d3dwallhack\release\cfw1dwriterendertarget.obj
d:\c++project\d3dwallhack\d3dwallhack\release\cfw1colorrgbainterface.obj
d:\c++project\d3dwallhack\d3dwallhack\release\cfw1colorrgba.obj
d:\c++project\d3dwallhack\d3dwallhack\release\d3dwallhack.obj
d:\c++project\d3dwallhack\d3dwallhack\release\fw1precompiled.obj
d:\c++project\d3dwallhack\d3dwallhack\release\fw1fontwrapper.obj
d:\c++project\d3dwallhack\d3dwallhack\release\cfw1textrendererinterface.obj
d:\c++project\d3dwallhack\d3dwallhack\release\cfw1textrenderer.obj
d:\c++project\d3dwallhack\d3dwallhack\release\cfw1textgeometryinterface.obj
d:\c++project\d3dwallhack\d3dwallhack\release\cfw1textgeometry.obj
d:\c++project\d3dwallhack\release\d3dwallhack.lib
d:\c++project\d3dwallhack\release\d3dwallhack.exp
d:\c++project\d3dwallhack\release\d3dwallhack.dll
d:\c++project\d3dwallhack\release\d3dwallhack.ipdb
d:\c++project\d3dwallhack\release\d3dwallhack.iobj
d:\c++project\d3dwallhack\release\d3dwallhack.pdb
d:\c++project\d3dwallhack\d3dwallhack\release\d3dwallhack.tlog\cl.command.1.tlog
d:\c++project\d3dwallhack\d3dwallhack\release\d3dwallhack.tlog\cl.read.1.tlog
d:\c++project\d3dwallhack\d3dwallhack\release\d3dwallhack.tlog\cl.write.1.tlog
d:\c++project\d3dwallhack\d3dwallhack\release\d3dwallhack.tlog\d3dwallhack.write.1u.tlog
d:\c++project\d3dwallhack\d3dwallhack\release\d3dwallhack.tlog\link.command.1.tlog
d:\c++project\d3dwallhack\d3dwallhack\release\d3dwallhack.tlog\link.read.1.tlog
d:\c++project\d3dwallhack\d3dwallhack\release\d3dwallhack.tlog\link.write.1.tlog
